<?xml version="1.0" encoding="UTF-8"?>
<testsuite xmlns:xsi="http://www.w3.org/2001/XMLSchema-instance" xsi:noNamespaceSchemaLocation="https://maven.apache.org/surefire/maven-surefire-plugin/xsd/surefire-test-report-3.0.xsd" version="3.0" name="com.example.simplespringapp.controller.HelloControllerTest" time="4.037" tests="2" errors="0" skipped="0" failures="0">
  <properties>
[...]
</properties>
  <testcase name="helloEndpointShouldReturnHelloMessage" classname="com.example.simplespringapp.controller.HelloControllerTest" time="1.466">
    <system-out><![CDATA[11:50:56.666 [main] INFO org.springframework.test.context.support.AnnotationConfigContextLoaderUtils -- Could not detect default configuration classes for test class [com.example.simplespringapp.controller.HelloControllerTest]: HelloControllerTest does not declare any static, non-private, non-final, nested classes annotated with @Configuration.
11:50:56.859 [main] INFO org.springframework.boot.test.context.SpringBootTestContextBootstrapper -- Found @SpringBootConfiguration com.example.simplespringapp.SimpleSpringAppApplication for test class com.example.simplespringapp.controller.HelloControllerTest

  .   ____          _            __ _ _
 /\\ / ___'_ __ _ _(_)_ __  __ _ \ \ \ \
( ( )\___ | '_ | '_| | '_ \/ _` | \ \ \ \
 \\/  ___)| |_)| | | | | || (_| |  ) ) ) )
  '  |____| .__|_| |_|_| |_\__, | / / / /
 =========|_|==============|___/=/_/_/_/
 :: Spring Boot ::                (v3.1.5)

2026-04-10T11:50:57.533+05:30  INFO 12912 --- [           main] c.e.s.controller.HelloControllerTest     : Starting HelloControllerTest using Java 21.0.9 with PID 12912 (started by HP in D:\Data\Claude\simple-spring-app)
2026-04-10T11:50:57.534+05:30 DEBUG 12912 --- [           main] c.e.s.controller.HelloControllerTest     : Running with Spring Boot v3.1.5, Spring v6.0.13
2026-04-10T11:50:57.536+05:30  INFO 12912 --- [           main] c.e.s.controller.HelloControllerTest     : No active profile set, falling back to 1 default profile: "default"
2026-04-10T11:50:58.866+05:30  INFO 12912 --- [           main] o.s.b.t.m.w.SpringBootMockServletContext : Initializing Spring TestDispatcherServlet ''
2026-04-10T11:50:58.866+05:30  INFO 12912 --- [           main] o.s.t.web.servlet.TestDispatcherServlet  : Initializing Servlet ''
2026-04-10T11:50:58.869+05:30  INFO 12912 --- [           main] o.s.t.web.servlet.TestDispatcherServlet  : Completed initialization in 2 ms
2026-04-10T11:50:58.901+05:30  INFO 12912 --- [           main] c.e.s.controller.HelloControllerTest     : Started HelloControllerTest in 1.949 seconds (process running for 3.572)
]]></system-out>
    <system-err><![CDATA[WARNING: A Java agent has been loaded dynamically (C:\Users\HP\.m2\repository\net\bytebuddy\byte-buddy-agent\1.14.9\byte-buddy-agent-1.14.9.jar)
WARNING: If a serviceability tool is in use, please run with -XX:+EnableDynamicAgentLoading to hide this warning
WARNING: If a serviceability tool is not in use, please run with -Djdk.instrument.traceUsage for more information
WARNING: Dynamic loading of agents will be disallowed by default in a future release
]]></system-err>
  </testcase>
  <testcase name="messageEndpointShouldReturnCustomMessage" classname="com.example.simplespringapp.controller.HelloControllerTest" time="0.008"/>
</testsuite>